<?xml version="1.0" encoding="UTF-8"?>
<!-- Generated by org.testng.reporters.JUnitReportReporter -->
<testsuite hostname="DESKTOP-PS5V1P4" failures="0" tests="1" name="TestClassPackage.POST_TC_3" time="1.451" errors="0" timestamp="2023-05-30T19:50:15 IST" skipped="0">
  <testcase classname="TestClassPackage.POST_TC_3" name="execute" time="1.451"/>
  <system-out/>
</testsuite> <!-- TestClassPackage.POST_TC_3 -->
