<?xml version="1.0" encoding="UTF-8"?>
<!-- Generated by org.testng.reporters.JUnitReportReporter -->
<testsuite hostname="DESKTOP-PS5V1P4" failures="0" tests="1" name="PackageTestClass.POST_Class_4" time="1.452" errors="0" timestamp="2023-06-08T13:25:12 IST" skipped="0">
  <testcase classname="PackageTestClass.POST_Class_4" name="execute" time="1.452"/>
  <system-out/>
</testsuite> <!-- PackageTestClass.POST_Class_4 -->
